#
# There is insufficient memory for the Java Runtime Environment to continue.
# Native memory allocation (malloc) failed to allocate 1048576 bytes for AllocateHeap
# Possible reasons:
#   The system is out of physical RAM or swap space
#   The process is running with CompressedOops enabled, and the Java Heap may be blocking the growth of the native heap
# Possible solutions:
#   Reduce memory load on the system
#   Increase physical memory or swap space
#   Check if swap backing store is full
#   Decrease Java heap size (-Xmx/-Xms)
#   Decrease number of Java threads
#   Decrease Java thread stack sizes (-Xss)
#   Set larger code cache with -XX:ReservedCodeCacheSize=
#   JVM is running with Unscaled Compressed Oops mode in which the Java heap is
#     placed in the first 4GB address space. The Java Heap base address is the
#     maximum limit for the native heap growth. Please use -XX:HeapBaseMinAddress
#     to set the Java Heap base and to place the Java Heap above 4GB virtual address.
# This output file may be truncated or incomplete.
#
#  Out of Memory Error (./src/hotspot/share/memory/allocation.cpp:46), pid=16104, tid=7912
#
# JRE version: OpenJDK Runtime Environment (11.0.10) (build 11.0.10+0-b96-7249189)
# Java VM: OpenJDK 64-Bit Server VM (11.0.10+0-b96-7249189, mixed mode, tiered, compressed oops, g1 gc, windows-amd64)
# No core dump will be written. Minidumps are not enabled by default on client versions of Windows
#

---------------  S U M M A R Y ------------

Command Line: -Xmx64m -Xms64m -Dorg.gradle.appname=gradlew org.gradle.wrapper.GradleWrapperMain app:installDebug -PreactNativeDevServerPort=8081

Host: Intel(R) Core(TM) i7-7500U CPU @ 2.70GHz, 4 cores, 15G,  Windows 10 , 64 bit Build 19041 (10.0.19041.1348)
Time: Tue Dec 14 16:32:20 2021 Hora oficial do Brasil elapsed time: 0.824257 seconds (0d 0h 0m 0s)

---------------  T H R E A D  ---------------

Current thread (0x0000023bde7ae000):  VMThread "VM Thread" [stack: 0x000000860fe00000,0x000000860ff00000] [id=7912]

Stack: [0x000000860fe00000,0x000000860ff00000]
[error occurred during error reporting (printing stack bounds), id 0xc0000005, EXCEPTION_ACCESS_VIOLATION (0xc0000005) at pc=0x0000023bcc1f0f2d]

Native frames: (J=compiled Java code, j=interpreted, Vv=VM code, C=native code)
V  [jvm.dll+0x5ecfaa]
V  [jvm.dll+0x722bd5]
V  [jvm.dll+0x72412d]
V  [jvm.dll+0x724745]
V  [jvm.dll+0x7246fb]
V  [jvm.dll+0x5ec348]
V  [jvm.dll+0x5ecad8]
C  [ntdll.dll+0xa20cf]
C  [ntdll.dll+0x51454]
C  [ntdll.dll+0xa0bfe]
C  0x0000023bcc1f0f2d

VM_Operation (0x000000860f8fad90): CollectForMetadataAllocation, mode: safepoint, requested by thread 0x0000023bc86fb800


---------------  P R O C E S S  ---------------

Threads class SMR info:
_java_thread_list=0x0000023bdeadb700, length=10, elements={
0x0000023bc86fb800, 0x0000023bde7b0800, 0x0000023bde7dc000, 0x0000023bde830000,
0x0000023bde834000, 0x0000023bde838000, 0x0000023bde842000, 0x0000023bde856000,
0x0000023bde839800, 0x0000023bde83a800
}

Java Threads: ( => current thread )
  0x0000023bc86fb800 JavaThread "main" [_thread_blocked, id=17360, stack(0x000000860f800000,0x000000860f900000)]
  0x0000023bde7b0800 JavaThread "Reference Handler" daemon [_thread_blocked, id=6368, stack(0x000000860ff00000,0x0000008610000000)]
  0x0000023bde7dc000 JavaThread "Finalizer" daemon [_thread_blocked, id=2916, stack(0x0000008610000000,0x0000008610100000)]
  0x0000023bde830000 JavaThread "Signal Dispatcher" daemon [_thread_blocked, id=14420, stack(0x0000008610100000,0x0000008610200000)]
  0x0000023bde834000 JavaThread "Attach Listener" daemon [_thread_blocked, id=18536, stack(0x0000008610200000,0x0000008610300000)]
  0x0000023bde838000 JavaThread "Service Thread" daemon [_thread_blocked, id=14932, stack(0x0000008610300000,0x0000008610400000)]
  0x0000023bde842000 JavaThread "C2 CompilerThread0" daemon [_thread_blocked, id=14236, stack(0x0000008610400000,0x0000008610500000)]
  0x0000023bde856000 JavaThread "C1 CompilerThread0" daemon [_thread_blocked, id=18104, stack(0x0000008610500000,0x0000008610600000)]
  0x0000023bde839800 JavaThread "Sweeper thread" daemon [_thread_blocked, id=7992, stack(0x0000008610600000,0x0000008610700000)]
  0x0000023bde83a800 JavaThread "Common-Cleaner" daemon [_thread_blocked, id=17180, stack(0x0000008610800000,0x0000008610900000)]

Other Threads:
=>0x0000023bde7ae000 VMThread "VM Thread" [stack: 0x000000860fe00000,0x000000860ff00000] [id=7912]
  0x0000023bdead5000 WatcherThread [stack: 0x0000008610700000,0x0000008610800000] [id=8080]
  0x0000023bc8715800 GCTaskThread "GC Thread#0" [stack: 0x000000860f900000,0x000000860fa00000] [id=17104]
  0x0000023bdf276000 GCTaskThread "GC Thread#1" [stack: 0x0000008610900000,0x0000008610a00000] [id=18088]
  0x0000023bc871a800 ConcurrentGCThread "G1 Main Marker" [stack: 0x000000860fa00000,0x000000860fb00000] [id=17100]
  0x0000023bc871c000 ConcurrentGCThread "G1 Conc#0" [stack: 0x000000860fb00000,0x000000860fc00000] [id=11588]
  0x0000023bc8772800 ConcurrentGCThread "G1 Refine#0" [stack: 0x000000860fc00000,0x000000860fd00000] [id=15192]
  0x0000023bc8774000 ConcurrentGCThread "G1 Young RemSet Sampling" [stack: 0x000000860fd00000,0x000000860fe00000] [id=7792]

Threads with active compile tasks:
C2 CompilerThread0    839  615       4       java.util.zip.ZipFile$Source::getEntryPos (206 bytes)

VM state:at safepoint (normal execution)

VM Mutex/Monitor currently owned by a thread:  ([mutex/lock_event])
[0x0000023bc86f86a0] Threads_lock - owner thread: 0x0000023bde7ae000
[0x0000023bc86f7ad0] Heap_lock - owner thread: 0x0000023bc86fb800

Heap address: 0x00000000fc000000, size: 64 MB, Compressed Oops mode: 32-bit
Narrow klass base: 0x0000000000000000, Narrow klass shift: 3
Compressed class space size: 1073741824 Address: 0x0000000100000000

Heap:
 garbage-first heap   total 65536K, used 8525K [0x00000000fc000000, 0x0000000100000000)
  region size 1024K, 2 young (2048K), 2 survivors (2048K)
 Metaspace       used 8033K, capacity 8180K, committed 8320K, reserved 1064960K
  class space    used 732K, capacity 787K, committed 896K, reserved 1048576K
Heap Regions: E=young(eden), S=young(survivor), O=old, HS=humongous(starts), HC=humongous(continues), CS=collection set, F=free, A=archive, TAMS=top-at-mark-start (previous, next)
|   0|0x00000000fc000000, 0x00000000fc000000, 0x00000000fc100000|  0%| F|  |TAMS 0x00000000fc000000, 0x00000000fc000000| Untracked 
|   1|0x00000000fc100000, 0x00000000fc100000, 0x00000000fc200000|  0%| F|  |TAMS 0x00000000fc100000, 0x00000000fc100000| Untracked 
|   2|0x00000000fc200000, 0x00000000fc200000, 0x00000000fc300000|  0%| F|  |TAMS 0x00000000fc200000, 0x00000000fc200000| Untracked 
|   3|0x00000000fc300000, 0x00000000fc400000, 0x00000000fc400000|100%|HS|  |TAMS 0x00000000fc300000, 0x00000000fc400000| Complete 
|   4|0x00000000fc400000, 0x00000000fc500000, 0x00000000fc500000|100%|HC|  |TAMS 0x00000000fc400000, 0x00000000fc500000| Complete 
|   5|0x00000000fc500000, 0x00000000fc600000, 0x00000000fc600000|100%|HC|  |TAMS 0x00000000fc500000, 0x00000000fc600000| Complete 
|   6|0x00000000fc600000, 0x00000000fc700000, 0x00000000fc700000|100%| O|  |TAMS 0x00000000fc600000, 0x00000000fc700000| Untracked 
|   7|0x00000000fc700000, 0x00000000fc800000, 0x00000000fc800000|100%| O|  |TAMS 0x00000000fc700000, 0x00000000fc800000| Untracked 
|   8|0x00000000fc800000, 0x00000000fc900000, 0x00000000fc900000|100%| O|  |TAMS 0x00000000fc800000, 0x00000000fc900000| Untracked 
|   9|0x00000000fc900000, 0x00000000fc973e00, 0x00000000fca00000| 45%| O|  |TAMS 0x00000000fc900000, 0x00000000fc973e00| Untracked 
|  10|0x00000000fca00000, 0x00000000fca00000, 0x00000000fcb00000|  0%| F|  |TAMS 0x00000000fca00000, 0x00000000fca00000| Untracked 
|  11|0x00000000fcb00000, 0x00000000fcb00000, 0x00000000fcc00000|  0%| F|  |TAMS 0x00000000fcb00000, 0x00000000fcb00000| Untracked 
|  12|0x00000000fcc00000, 0x00000000fcc00000, 0x00000000fcd00000|  0%| F|  |TAMS 0x00000000fcc00000, 0x00000000fcc00000| Untracked 
|  13|0x00000000fcd00000, 0x00000000fcd00000, 0x00000000fce00000|  0%| F|  |TAMS 0x00000000fcd00000, 0x00000000fcd00000| Untracked 
|  14|0x00000000fce00000, 0x00000000fce00000, 0x00000000fcf00000|  0%| F|  |TAMS 0x00000000fce00000, 0x00000000fce00000| Untracked 
|  15|0x00000000fcf00000, 0x00000000fcf00000, 0x00000000fd000000|  0%| F|  |TAMS 0x00000000fcf00000, 0x00000000fcf00000| Untracked 
|  16|0x00000000fd000000, 0x00000000fd000000, 0x00000000fd100000|  0%| F|  |TAMS 0x00000000fd000000, 0x00000000fd000000| Untracked 
|  17|0x00000000fd100000, 0x00000000fd100000, 0x00000000fd200000|  0%| F|  |TAMS 0x00000000fd100000, 0x00000000fd100000| Untracked 
|  18|0x00000000fd200000, 0x00000000fd200000, 0x00000000fd300000|  0%| F|  |TAMS 0x00000000fd200000, 0x00000000fd200000| Untracked 
|  19|0x00000000fd300000, 0x00000000fd300000, 0x00000000fd400000|  0%| F|  |TAMS 0x00000000fd300000, 0x00000000fd300000| Untracked 
|  20|0x00000000fd400000, 0x00000000fd400000, 0x00000000fd500000|  0%| F|  |TAMS 0x00000000fd400000, 0x00000000fd400000| Untracked 
|  21|0x00000000fd500000, 0x00000000fd500000, 0x00000000fd600000|  0%| F|  |TAMS 0x00000000fd500000, 0x00000000fd500000| Untracked 
|  22|0x00000000fd600000, 0x00000000fd600000, 0x00000000fd700000|  0%| F|  |TAMS 0x00000000fd600000, 0x00000000fd600000| Untracked 
|  23|0x00000000fd700000, 0x00000000fd700000, 0x00000000fd800000|  0%| F|  |TAMS 0x00000000fd700000, 0x00000000fd700000| Untracked 
|  24|0x00000000fd800000, 0x00000000fd800000, 0x00000000fd900000|  0%| F|  |TAMS 0x00000000fd800000, 0x00000000fd800000| Untracked 
|  25|0x00000000fd900000, 0x00000000fd900000, 0x00000000fda00000|  0%| F|  |TAMS 0x00000000fd900000, 0x00000000fd900000| Untracked 
|  26|0x00000000fda00000, 0x00000000fda00000, 0x00000000fdb00000|  0%| F|  |TAMS 0x00000000fda00000, 0x00000000fda00000| Untracked 
|  27|0x00000000fdb00000, 0x00000000fdb00000, 0x00000000fdc00000|  0%| F|  |TAMS 0x00000000fdb00000, 0x00000000fdb00000| Untracked 
|  28|0x00000000fdc00000, 0x00000000fdc00000, 0x00000000fdd00000|  0%| F|  |TAMS 0x00000000fdc00000, 0x00000000fdc00000| Untracked 
|  29|0x00000000fdd00000, 0x00000000fdd00000, 0x00000000fde00000|  0%| F|  |TAMS 0x00000000fdd00000, 0x00000000fdd00000| Untracked 
|  30|0x00000000fde00000, 0x00000000fde00000, 0x00000000fdf00000|  0%| F|  |TAMS 0x00000000fde00000, 0x00000000fde00000| Untracked 
|  31|0x00000000fdf00000, 0x00000000fdf00000, 0x00000000fe000000|  0%| F|  |TAMS 0x00000000fdf00000, 0x00000000fdf00000| Untracked 
|  32|0x00000000fe000000, 0x00000000fe000000, 0x00000000fe100000|  0%| F|  |TAMS 0x00000000fe000000, 0x00000000fe000000| Untracked 
|  33|0x00000000fe100000, 0x00000000fe100000, 0x00000000fe200000|  0%| F|  |TAMS 0x00000000fe100000, 0x00000000fe100000| Untracked 
|  34|0x00000000fe200000, 0x00000000fe200000, 0x00000000fe300000|  0%| F|  |TAMS 0x00000000fe200000, 0x00000000fe200000| Untracked 
|  35|0x00000000fe300000, 0x00000000fe300000, 0x00000000fe400000|  0%| F|  |TAMS 0x00000000fe300000, 0x00000000fe300000| Untracked 
|  36|0x00000000fe400000, 0x00000000fe400000, 0x00000000fe500000|  0%| F|  |TAMS 0x00000000fe400000, 0x00000000fe400000| Untracked 
|  37|0x00000000fe500000, 0x00000000fe500000, 0x00000000fe600000|  0%| F|  |TAMS 0x00000000fe500000, 0x00000000fe500000| Untracked 
|  38|0x00000000fe600000, 0x00000000fe600000, 0x00000000fe700000|  0%| F|  |TAMS 0x00000000fe600000, 0x00000000fe600000| Untracked 
|  39|0x00000000fe700000, 0x00000000fe700000, 0x00000000fe800000|  0%| F|  |TAMS 0x00000000fe700000, 0x00000000fe700000| Untracked 
|  40|0x00000000fe800000, 0x00000000fe800000, 0x00000000fe900000|  0%| F|  |TAMS 0x00000000fe800000, 0x00000000fe800000| Untracked 
|  41|0x00000000fe900000, 0x00000000fe900000, 0x00000000fea00000|  0%| F|  |TAMS 0x00000000fe900000, 0x00000000fe900000| Untracked 
|  42|0x00000000fea00000, 0x00000000fea00000, 0x00000000feb00000|  0%| F|  |TAMS 0x00000000fea00000, 0x00000000fea00000| Untracked 
|  43|0x00000000feb00000, 0x00000000feb00000, 0x00000000fec00000|  0%| F|  |TAMS 0x00000000feb00000, 0x00000000feb00000| Untracked 
|  44|0x00000000fec00000, 0x00000000fec00000, 0x00000000fed00000|  0%| F|  |TAMS 0x00000000fec00000, 0x00000000fec00000| Untracked 
|  45|0x00000000fed00000, 0x00000000fed00000, 0x00000000fee00000|  0%| F|  |TAMS 0x00000000fed00000, 0x00000000fed00000| Untracked 
|  46|0x00000000fee00000, 0x00000000fee00000, 0x00000000fef00000|  0%| F|  |TAMS 0x00000000fee00000, 0x00000000fee00000| Untracked 
|  47|0x00000000fef00000, 0x00000000fef00000, 0x00000000ff000000|  0%| F|  |TAMS 0x00000000fef00000, 0x00000000fef00000| Untracked 
|  48|0x00000000ff000000, 0x00000000ff000000, 0x00000000ff100000|  0%| F|  |TAMS 0x00000000ff000000, 0x00000000ff000000| Untracked 
|  49|0x00000000ff100000, 0x00000000ff100000, 0x00000000ff200000|  0%| F|  |TAMS 0x00000000ff100000, 0x00000000ff100000| Untracked 
|  50|0x00000000ff200000, 0x00000000ff200000, 0x00000000ff300000|  0%| F|  |TAMS 0x00000000ff200000, 0x00000000ff200000| Untracked 
|  51|0x00000000ff300000, 0x00000000ff300000, 0x00000000ff400000|  0%| F|  |TAMS 0x00000000ff300000, 0x00000000ff300000| Untracked 
|  52|0x00000000ff400000, 0x00000000ff400000, 0x00000000ff500000|  0%| F|  |TAMS 0x00000000ff400000, 0x00000000ff400000| Untracked 
|  53|0x00000000ff500000, 0x00000000ff500000, 0x00000000ff600000|  0%| F|  |TAMS 0x00000000ff500000, 0x00000000ff500000| Untracked 
|  54|0x00000000ff600000, 0x00000000ff600000, 0x00000000ff700000|  0%| F|  |TAMS 0x00000000ff600000, 0x00000000ff600000| Untracked 
|  55|0x00000000ff700000, 0x00000000ff700000, 0x00000000ff800000|  0%| F|  |TAMS 0x00000000ff700000, 0x00000000ff700000| Untracked 
|  56|0x00000000ff800000, 0x00000000ff800000, 0x00000000ff900000|  0%| F|  |TAMS 0x00000000ff800000, 0x00000000ff800000| Untracked 
|  57|0x00000000ff900000, 0x00000000ff900000, 0x00000000ffa00000|  0%| F|  |TAMS 0x00000000ff900000, 0x00000000ff900000| Untracked 
|  58|0x00000000ffa00000, 0x00000000ffa00000, 0x00000000ffb00000|  0%| F|  |TAMS 0x00000000ffa00000, 0x00000000ffa00000| Untracked 
|  59|0x00000000ffb00000, 0x00000000ffb00000, 0x00000000ffc00000|  0%| F|  |TAMS 0x00000000ffb00000, 0x00000000ffb00000| Untracked 
|  60|0x00000000ffc00000, 0x00000000ffcdf9d8, 0x00000000ffd00000| 87%| S|CS|TAMS 0x00000000ffc00000, 0x00000000ffc00000| Complete 
|  61|0x00000000ffd00000, 0x00000000ffe00000, 0x00000000ffe00000|100%| S|CS|TAMS 0x00000000ffd00000, 0x00000000ffd00000| Complete 
|  62|0x00000000ffe00000, 0x00000000ffe00000, 0x00000000fff00000|  0%| F|  |TAMS 0x00000000ffe00000, 0x00000000ffe00000| Untracked 
|  63|0x00000000fff00000, 0x00000000fff00000, 0x0000000100000000|  0%| F|  |TAMS 0x00000000fff00000, 0x00000000fff00000| Untracked 

Card table byte_map: [0x0000023bc6e50000,0x0000023bc6e70000] _byte_map_base: 0x0000023bc6670000

Marking Bits (Prev, Next): (CMBitMap*) 0x0000023bc8719888, (CMBitMap*) 0x0000023bc87198c0
 Prev Bits: [0x0000023bdb830000, 0x0000023bdb930000)
 Next Bits: [0x0000023bdb930000, 0x0000023bdba30000)

Polling page: 0x0000023bc6cf0000

Metaspace:

Usage:
  Non-class:      7.22 MB capacity,     7.13 MB ( 99%) used,    86.52 KB (  1%) free+waste,     6.25 KB ( <1%) overhead. 
      Class:    787.00 KB capacity,   732.96 KB ( 93%) used,    51.10 KB (  6%) free+waste,     2.94 KB ( <1%) overhead. 
       Both:      7.99 MB capacity,     7.84 MB ( 98%) used,   137.62 KB (  2%) free+waste,     9.19 KB ( <1%) overhead. 

Virtual space:
  Non-class space:       16.00 MB reserved,       7.25 MB ( 45%) committed 
      Class space:        1.00 GB reserved,     896.00 KB ( <1%) committed 
             Both:        1.02 GB reserved,       8.13 MB ( <1%) committed 

Chunk freelists:
   Non-Class:  31.00 KB
       Class:  13.00 KB
        Both:  44.00 KB

MaxMetaspaceSize: 17179869184.00 GB
CompressedClassSpaceSize: 1.00 GB

CodeHeap 'non-profiled nmethods': size=120064Kb used=172Kb max_used=172Kb free=119891Kb
 bounds [0x0000023bd3cb0000, 0x0000023bd3f20000, 0x0000023bdb1f0000]
CodeHeap 'profiled nmethods': size=120000Kb used=1171Kb max_used=1171Kb free=118828Kb
 bounds [0x0000023bcc780000, 0x0000023bcc9f0000, 0x0000023bd3cb0000]
CodeHeap 'non-nmethods': size=5696Kb used=1057Kb max_used=1073Kb free=4638Kb
 bounds [0x0000023bcc1f0000, 0x0000023bcc460000, 0x0000023bcc780000]
 total_blobs=970 nmethods=618 adapters=264
 compilation: enabled
              stopped_count=0, restarted_count=0
 full_count=0

Compilation events (20 events):
Event: 0.783 Thread 0x0000023bde856000  610       3       java.lang.String::concat (115 bytes)
Event: 0.783 Thread 0x0000023bde842000 nmethod 609 0x0000023bd3cdad10 code [0x0000023bd3cdaea0, 0x0000023bd3cdafd8]
Event: 0.791 Thread 0x0000023bde856000 nmethod 610 0x0000023bcc89cf90 code [0x0000023bcc89d220, 0x0000023bcc89dea8]
Event: 0.792 Thread 0x0000023bde856000  611       3       java.net.URL::toString (5 bytes)
Event: 0.792 Thread 0x0000023bde856000 nmethod 611 0x0000023bcc89e310 code [0x0000023bcc89e4e0, 0x0000023bcc89e708]
Event: 0.792 Thread 0x0000023bde856000  612       3       java.net.URL::toExternalForm (9 bytes)
Event: 0.792 Thread 0x0000023bde856000 nmethod 612 0x0000023bcc89e810 code [0x0000023bcc89e9c0, 0x0000023bcc89eb88]
Event: 0.795 Thread 0x0000023bde856000  613       3       sun.net.www.protocol.jar.Handler::checkNestedProtocol (18 bytes)
Event: 0.795 Thread 0x0000023bde856000 nmethod 613 0x0000023bcc89ec90 code [0x0000023bcc89ee60, 0x0000023bcc89f028]
Event: 0.796 Thread 0x0000023bde856000  614       3       jdk.internal.loader.URLClassPath::getResource (74 bytes)
Event: 0.796 Thread 0x0000023bde856000 nmethod 614 0x0000023bcc89f110 code [0x0000023bcc89f2e0, 0x0000023bcc89f618]
Event: 0.798 Thread 0x0000023bde842000  615       4       java.util.zip.ZipFile$Source::getEntryPos (206 bytes)
Event: 0.805 Thread 0x0000023bde856000  617       3       java.io.File::<init> (47 bytes)
Event: 0.806 Thread 0x0000023bde856000 nmethod 617 0x0000023bcc89f790 code [0x0000023bcc89f980, 0x0000023bcc89fd08]
Event: 0.806 Thread 0x0000023bde856000  618       3       jdk.internal.util.jar.JarIndex::get (49 bytes)
Event: 0.807 Thread 0x0000023bde856000 nmethod 618 0x0000023bcc89fe90 code [0x0000023bcc8a00e0, 0x0000023bcc8a0988]
Event: 0.809 Thread 0x0000023bde856000  619   !   3       jdk.internal.loader.URLClassPath$JarLoader::getResource (353 bytes)
Event: 0.812 Thread 0x0000023bde856000 nmethod 619 0x0000023bcc8a0c90 code [0x0000023bcc8a1180, 0x0000023bcc8a34b8]
Event: 0.813 Thread 0x0000023bde856000  621       3       java.lang.invoke.MemberName::initResolved (53 bytes)
Event: 0.813 Thread 0x0000023bde856000 nmethod 621 0x0000023bcc8a4890 code [0x0000023bcc8a4a40, 0x0000023bcc8a4bf8]

GC Heap History (4 events):
Event: 0.784 GC heap before
{Heap before GC invocations=0 (full 0):
 garbage-first heap   total 65536K, used 19456K [0x00000000fc000000, 0x0000000100000000)
  region size 1024K, 14 young (14336K), 0 survivors (0K)
 Metaspace       used 7868K, capacity 8017K, committed 8192K, reserved 1056768K
  class space    used 708K, capacity 754K, committed 768K, reserved 1048576K
}
Event: 0.791 GC heap after
{Heap after GC invocations=1 (full 0):
 garbage-first heap   total 65536K, used 8655K [0x00000000fc000000, 0x0000000100000000)
  region size 1024K, 2 young (2048K), 2 survivors (2048K)
 Metaspace       used 7868K, capacity 8017K, committed 8192K, reserved 1056768K
  class space    used 708K, capacity 754K, committed 768K, reserved 1048576K
}
Event: 0.814 GC heap before
{Heap before GC invocations=1 (full 0):
 garbage-first heap   total 65536K, used 9679K [0x00000000fc000000, 0x0000000100000000)
  region size 1024K, 4 young (4096K), 2 survivors (2048K)
 Metaspace       used 8033K, capacity 8180K, committed 8320K, reserved 1062912K
  class space    used 732K, capacity 787K, committed 896K, reserved 1048576K
}
Event: 0.817 GC heap after
{Heap after GC invocations=2 (full 0):
 garbage-first heap   total 65536K, used 8525K [0x00000000fc000000, 0x0000000100000000)
  region size 1024K, 2 young (2048K), 2 survivors (2048K)
 Metaspace       used 8033K, capacity 8180K, committed 8320K, reserved 1062912K
  class space    used 732K, capacity 787K, committed 896K, reserved 1048576K
}

Deoptimization events (20 events):
Event: 0.541 Thread 0x0000023bc86fb800 DEOPT PACKING pc=0x0000023bcc833d0b sp=0x000000860f8fd7d0
Event: 0.541 Thread 0x0000023bc86fb800 DEOPT UNPACKING pc=0x0000023bcc2176ce sp=0x000000860f8fcca0 mode 0
Event: 0.541 Thread 0x0000023bc86fb800 DEOPT PACKING pc=0x0000023bcc833d0b sp=0x000000860f8fd7d0
Event: 0.541 Thread 0x0000023bc86fb800 DEOPT UNPACKING pc=0x0000023bcc2176ce sp=0x000000860f8fcca0 mode 0
Event: 0.541 Thread 0x0000023bc86fb800 DEOPT PACKING pc=0x0000023bcc833d0b sp=0x000000860f8fd7d0
Event: 0.541 Thread 0x0000023bc86fb800 DEOPT UNPACKING pc=0x0000023bcc2176ce sp=0x000000860f8fcca0 mode 0
Event: 0.541 Thread 0x0000023bc86fb800 DEOPT PACKING pc=0x0000023bcc833d0b sp=0x000000860f8fd7d0
Event: 0.541 Thread 0x0000023bc86fb800 DEOPT UNPACKING pc=0x0000023bcc2176ce sp=0x000000860f8fcca0 mode 0
Event: 0.541 Thread 0x0000023bc86fb800 DEOPT PACKING pc=0x0000023bcc833d0b sp=0x000000860f8fd7d0
Event: 0.541 Thread 0x0000023bc86fb800 DEOPT UNPACKING pc=0x0000023bcc2176ce sp=0x000000860f8fcca0 mode 0
Event: 0.541 Thread 0x0000023bc86fb800 DEOPT PACKING pc=0x0000023bcc833d0b sp=0x000000860f8fd7d0
Event: 0.542 Thread 0x0000023bc86fb800 DEOPT UNPACKING pc=0x0000023bcc2176ce sp=0x000000860f8fcca0 mode 0
Event: 0.671 Thread 0x0000023bc86fb800 Uncommon trap: trap_request=0xffffffde fr.pc=0x0000023bd3cd17e4 relative=0x0000000000000f44
Event: 0.671 Thread 0x0000023bc86fb800 Uncommon trap: reason=class_check action=maybe_recompile pc=0x0000023bd3cd17e4 method=java.util.HashMap.putVal(ILjava/lang/Object;Ljava/lang/Object;ZZ)Ljava/lang/Object; @ 203 c2
Event: 0.671 Thread 0x0000023bc86fb800 DEOPT PACKING pc=0x0000023bd3cd17e4 sp=0x000000860f8fade0
Event: 0.671 Thread 0x0000023bc86fb800 DEOPT UNPACKING pc=0x0000023bcc2178af sp=0x000000860f8fad70 mode 2
Event: 0.695 Thread 0x0000023bc86fb800 DEOPT PACKING pc=0x0000023bcc85f2a2 sp=0x000000860f8fad20
Event: 0.695 Thread 0x0000023bc86fb800 DEOPT UNPACKING pc=0x0000023bcc2176ce sp=0x000000860f8fa188 mode 0
Event: 0.809 Thread 0x0000023bc86fb800 DEOPT PACKING pc=0x0000023bcc7d27e8 sp=0x000000860f8f8000
Event: 0.809 Thread 0x0000023bc86fb800 DEOPT UNPACKING pc=0x0000023bcc2176ce sp=0x000000860f8f74d0 mode 0

Classes redefined (0 events):
No events

Internal exceptions (3 events):
Event: 0.314 Thread 0x0000023bc86fb800 Exception <a 'java/lang/NoSuchMethodError'{0x00000000ffdee478}: 'int java.lang.invoke.DirectMethodHandle$Holder.invokeStaticInit(java.lang.Object, java.lang.Object)'> (0x00000000ffdee478) thrown at [./src/hotspot/share/interpreter/linkResolver.cpp, line 773]
Event: 0.382 Thread 0x0000023bc86fb800 Exception <a 'java/lang/NoSuchMethodError'{0x00000000ffceb9e0}: 'int java.lang.invoke.DirectMethodHandle$Holder.invokeSpecial(java.lang.Object, java.lang.Object, java.lang.Object, java.lang.Object)'> (0x00000000ffceb9e0) thrown at [./src/hotspot/share/interpreter/linkResolver.cpp, line 773]
Event: 0.390 Thread 0x0000023bc86fb800 Exception <a 'java/lang/NoSuchMethodError'{0x00000000ffb1f5a8}: 'int java.lang.invoke.DirectMethodHandle$Holder.invokeSpecialIFC(java.lang.Object, java.lang.Object, int)'> (0x00000000ffb1f5a8) thrown at [./src/hotspot/share/interpreter/linkResolver.cpp, line 773]

Events (20 events):
Event: 0.810 loading class org/gradle/internal/logging/events/operations/ProgressStartBuildOperationProgressDetails
Event: 0.810 loading class org/gradle/internal/logging/events/operations/ProgressStartBuildOperationProgressDetails done
Event: 0.810 loading class org/gradle/internal/logging/events/CategorisedOutputEvent
Event: 0.810 loading class org/gradle/internal/logging/events/CategorisedOutputEvent done
Event: 0.810 loading class org/gradle/internal/logging/events/RenderableOutputEvent
Event: 0.810 loading class org/gradle/internal/logging/events/RenderableOutputEvent done
Event: 0.811 loading class org/gradle/internal/dispatch/ProxyDispatchAdapter
Event: 0.811 loading class org/gradle/internal/dispatch/ProxyDispatchAdapter done
Event: 0.811 loading class java/lang/reflect/InvocationHandler
Event: 0.811 loading class java/lang/reflect/InvocationHandler done
Event: 0.811 loading class org/gradle/internal/dispatch/ProxyDispatchAdapter$DispatchingInvocationHandler
Event: 0.811 loading class org/gradle/internal/dispatch/ProxyDispatchAdapter$DispatchingInvocationHandler done
Event: 0.812 loading class java/lang/reflect/Proxy
Event: 0.812 loading class java/lang/reflect/Proxy done
Event: 0.812 loading class jdk/internal/loader/AbstractClassLoaderValue$Sub
Event: 0.812 loading class jdk/internal/loader/AbstractClassLoaderValue$Sub done
Event: 0.813 loading class jdk/internal/loader/AbstractClassLoaderValue$Memoizer
Event: 0.813 loading class jdk/internal/loader/AbstractClassLoaderValue$Memoizer done
Event: 0.813 loading class java/lang/reflect/Proxy$ProxyBuilder
Event: 0.814 Executing VM operation: CollectForMetadataAllocation


Dynamic libraries:
0x00007ff6fb230000 - 0x00007ff6fb23a000 	C:\Program Files\Android\Android Studio\jre\bin\java.exe
0x00007ffdc2210000 - 0x00007ffdc2405000 	C:\Windows\SYSTEM32\ntdll.dll
0x00007ffdc0f60000 - 0x00007ffdc101e000 	C:\Windows\System32\KERNEL32.DLL
0x00007ffdbfc70000 - 0x00007ffdbff38000 	C:\Windows\System32\KERNELBASE.dll
0x00007ffdbf9e0000 - 0x00007ffdbfae0000 	C:\Windows\System32\ucrtbase.dll
0x00007ffdb8e70000 - 0x00007ffdb8e87000 	C:\Program Files\Android\Android Studio\jre\bin\VCRUNTIME140.dll
0x00007ffdb8e50000 - 0x00007ffdb8e69000 	C:\Program Files\Android\Android Studio\jre\bin\jli.dll
0x00007ffdc1af0000 - 0x00007ffdc1c91000 	C:\Windows\System32\USER32.dll
0x00007ffdc00d0000 - 0x00007ffdc00f2000 	C:\Windows\System32\win32u.dll
0x00007ffdc0c30000 - 0x00007ffdc0c5b000 	C:\Windows\System32\GDI32.dll
0x00007ffdbfb30000 - 0x00007ffdbfc3b000 	C:\Windows\System32\gdi32full.dll
0x00007ffdbffd0000 - 0x00007ffdc006d000 	C:\Windows\System32\msvcp_win.dll
0x00007ffdad990000 - 0x00007ffdadc2a000 	C:\Windows\WinSxS\amd64_microsoft.windows.common-controls_6595b64144ccf1df_6.0.19041.1110_none_60b5254171f9507e\COMCTL32.dll
0x00007ffdc11c0000 - 0x00007ffdc125e000 	C:\Windows\System32\msvcrt.dll
0x00007ffdc0ba0000 - 0x00007ffdc0bd0000 	C:\Windows\System32\IMM32.DLL
0x00007ffdb8db0000 - 0x00007ffdb8e4d000 	C:\Program Files\Android\Android Studio\jre\bin\msvcp140.dll
0x00007ffd412b0000 - 0x00007ffd41d7f000 	C:\Program Files\Android\Android Studio\jre\bin\server\jvm.dll
0x00007ffdc1ca0000 - 0x00007ffdc1d4c000 	C:\Windows\System32\ADVAPI32.dll
0x00007ffdc0b00000 - 0x00007ffdc0b9b000 	C:\Windows\System32\sechost.dll
0x00007ffdc0e20000 - 0x00007ffdc0f4a000 	C:\Windows\System32\RPCRT4.dll
0x00007ffdc1310000 - 0x00007ffdc1318000 	C:\Windows\System32\PSAPI.DLL
0x00007ffdbce10000 - 0x00007ffdbce19000 	C:\Windows\SYSTEM32\WSOCK32.dll
0x00007ffdabd80000 - 0x00007ffdabda7000 	C:\Windows\SYSTEM32\WINMM.dll
0x00007ffdc2160000 - 0x00007ffdc21cb000 	C:\Windows\System32\WS2_32.dll
0x00007ffdb87a0000 - 0x00007ffdb87aa000 	C:\Windows\SYSTEM32\VERSION.dll
0x00007ffdbe1b0000 - 0x00007ffdbe1c2000 	C:\Windows\SYSTEM32\kernel.appcore.dll
0x00007ffdba540000 - 0x00007ffdba551000 	C:\Program Files\Android\Android Studio\jre\bin\verify.dll
0x00007ffdbd720000 - 0x00007ffdbd904000 	C:\Windows\SYSTEM32\DBGHELP.DLL
0x00007ffda57e0000 - 0x00007ffda580c000 	C:\Windows\SYSTEM32\dbgcore.DLL
0x00007ffdbff40000 - 0x00007ffdbffc3000 	C:\Windows\System32\bcryptPrimitives.dll
0x00007ffda64d0000 - 0x00007ffda64f9000 	C:\Program Files\Android\Android Studio\jre\bin\java.dll
0x00007ffdbce00000 - 0x00007ffdbce0b000 	C:\Program Files\Android\Android Studio\jre\bin\jimage.dll
0x00007ffdb8880000 - 0x00007ffdb8898000 	C:\Program Files\Android\Android Studio\jre\bin\zip.dll
0x00007ffdc1320000 - 0x00007ffdc1a5f000 	C:\Windows\System32\SHELL32.dll
0x00007ffdbd910000 - 0x00007ffdbe0a0000 	C:\Windows\SYSTEM32\windows.storage.dll
0x00007ffdc1e00000 - 0x00007ffdc2155000 	C:\Windows\System32\combase.dll
0x00007ffdbf380000 - 0x00007ffdbf3ae000 	C:\Windows\SYSTEM32\Wldp.dll
0x00007ffdc1260000 - 0x00007ffdc130d000 	C:\Windows\System32\SHCORE.dll
0x00007ffdc0d60000 - 0x00007ffdc0db5000 	C:\Windows\System32\shlwapi.dll
0x00007ffdbf870000 - 0x00007ffdbf88f000 	C:\Windows\SYSTEM32\profapi.dll
0x00007ffdb86a0000 - 0x00007ffdb86ba000 	C:\Program Files\Android\Android Studio\jre\bin\net.dll
0x00007ffdaf4e0000 - 0x00007ffdaf5ec000 	C:\Windows\SYSTEM32\WINHTTP.dll
0x00007ffdbf0e0000 - 0x00007ffdbf14a000 	C:\Windows\system32\mswsock.dll
0x00007ffdad4e0000 - 0x00007ffdad4f4000 	C:\Program Files\Android\Android Studio\jre\bin\nio.dll

dbghelp: loaded successfully - version: 4.0.5 - missing functions: none
symbol engine: initialized successfully - sym options: 0x614 - pdb path: .;C:\Program Files\Android\Android Studio\jre\bin;C:\Windows\SYSTEM32;C:\Windows\WinSxS\amd64_microsoft.windows.common-controls_6595b64144ccf1df_6.0.19041.1110_none_60b5254171f9507e;C:\Program Files\Android\Android Studio\jre\bin\server

VM Arguments:
jvm_args: -Xmx64m -Xms64m -Dorg.gradle.appname=gradlew 
java_command: org.gradle.wrapper.GradleWrapperMain app:installDebug -PreactNativeDevServerPort=8081
java_class_path (initial): C:\Users\47026404881\Documents\SPMedicalGroup\Mobile\SPMedicalGroup\android\\gradle\wrapper\gradle-wrapper.jar
Launcher Type: SUN_STANDARD

[Global flags]
     intx CICompilerCount                          = 3                                         {product} {ergonomic}
     uint ConcGCThreads                            = 1                                         {product} {ergonomic}
     uint G1ConcRefinementThreads                  = 4                                         {product} {ergonomic}
   size_t G1HeapRegionSize                         = 1048576                                   {product} {ergonomic}
    uintx GCDrainStackTargetSize                   = 64                                        {product} {ergonomic}
   size_t InitialHeapSize                          = 67108864                                  {product} {command line}
   size_t MarkStackSize                            = 4194304                                   {product} {ergonomic}
   size_t MaxHeapSize                              = 67108864                                  {product} {command line}
   size_t MaxNewSize                               = 39845888                                  {product} {ergonomic}
   size_t MinHeapDeltaBytes                        = 1048576                                   {product} {ergonomic}
    uintx NonNMethodCodeHeapSize                   = 5830732                                {pd product} {ergonomic}
    uintx NonProfiledCodeHeapSize                  = 122913754                              {pd product} {ergonomic}
    uintx ProfiledCodeHeapSize                     = 122913754                              {pd product} {ergonomic}
    uintx ReservedCodeCacheSize                    = 251658240                              {pd product} {ergonomic}
     bool SegmentedCodeCache                       = true                                      {product} {ergonomic}
     bool UseCompressedClassPointers               = true                                 {lp64_product} {ergonomic}
     bool UseCompressedOops                        = true                                 {lp64_product} {ergonomic}
     bool UseG1GC                                  = true                                      {product} {ergonomic}
     bool UseLargePagesIndividualAllocation        = false                                  {pd product} {ergonomic}

Logging:
Log output configuration:
 #0: stdout all=warning uptime,level,tags
 #1: stderr all=off uptime,level,tags

Environment Variables:
JAVA_HOME=C:\Program Files\Android\Android Studio\jre
CLASSPATH=C:\Users\47026404881\Documents\SPMedicalGroup\Mobile\SPMedicalGroup\android\\gradle\wrapper\gradle-wrapper.jar
PATH=C:\Users\47026404881\Documents\SPMedicalGroup\Mobile\SPMedicalGroup\android\node_modules\.bin;C:\Users\47026404881\Documents\SPMedicalGroup\Mobile\SPMedicalGroup\node_modules\.bin;C:\Users\47026404881\Documents\SPMedicalGroup\Mobile\node_modules\.bin;C:\Users\47026404881\Documents\SPMedicalGroup\node_modules\.bin;C:\Users\47026404881\Documents\node_modules\.bin;C:\Users\47026404881\node_modules\.bin;C:\Users\node_modules\.bin;C:\node_modules\.bin;C:\Program Files\nodejs;C:\Users\47026404881\Documents\SPMedicalGroup\Mobile\SPMedicalGroup\node_modules\.bin;C:\Windows\system32;C:\Windows;C:\Windows\System32\Wbem;C:\Windows\System32\WindowsPowerShell\v1.0\;C:\Windows\System32\OpenSSH\;C:\Program Files\dotnet\;C:\Program Files\nodejs\;C:\Program Files\Microsoft VS Code\bin;C:\Program Files\Git\cmd;C:\Program Files (x86)\Microsoft SQL Server\150\Tools\Binn\;C:\Program Files\Microsoft SQL Server\150\Tools\Binn\;C:\Program Files (x86)\Microsoft SQL Server\150\DTS\Binn\;C:\Program Files\Microsoft SQL Server\150\DTS\Binn\;C:\Program Files\Microsoft SQL Server\Client SDK\ODBC\170\Tools\Binn\;C:\Program Files\Azure Data Studio\bin;C:\Program Files\Microsoft SQL Server\130\Tools\Binn\;C:\Program Files (x86)\NVIDIA Corporation\PhysX\Common;C:\Users\47026404881\AppData\Local\Microsoft\WindowsApps;
USERNAME=47026404881
OS=Windows_NT
PROCESSOR_IDENTIFIER=Intel64 Family 6 Model 142 Stepping 9, GenuineIntel



---------------  S Y S T E M  ---------------

OS: Windows 10 , 64 bit Build 19041 (10.0.19041.1348)
OS uptime: 0 days 3:05 hours

CPU:total 4 (initial active 4) (2 cores per cpu, 2 threads per core) family 6 model 142 stepping 9 microcode 0xb4, cmov, cx8, fxsr, mmx, sse, sse2, sse3, ssse3, sse4.1, sse4.2, popcnt, avx, avx2, aes, clmul, erms, 3dnowpref, lzcnt, ht, tsc, tscinvbit, bmi1, bmi2, adx, fma

Memory: 4k page, system-wide physical 16282M (3451M free)
TotalPageFile size 16282M (AvailPageFile size 19M)
current process WorkingSet (physical memory assigned to process): 68M, peak: 68M
current process commit charge ("private bytes"): 141M, peak: 142M

vm_info: OpenJDK 64-Bit Server VM (11.0.10+0-b96-7249189) for windows-amd64 JRE (11.0.10+0-b96-7249189), built on Mar 31 2021 21:44:00 by "builder" with MS VC++ 14.0 (VS2015)

END.
